#
# There is insufficient memory for the Java Runtime Environment to continue.
# Native memory allocation (malloc) failed to allocate 319376 bytes. Error detail: Chunk::new
# Possible reasons:
#   The system is out of physical RAM or swap space
#   This process is running with CompressedOops enabled, and the Java Heap may be blocking the growth of the native heap
# Possible solutions:
#   Reduce memory load on the system
#   Increase physical memory or swap space
#   Check if swap backing store is full
#   Decrease Java heap size (-Xmx/-Xms)
#   Decrease number of Java threads
#   Decrease Java thread stack sizes (-Xss)
#   Set larger code cache with -XX:ReservedCodeCacheSize=
#   JVM is running with Unscaled Compressed Oops mode in which the Java heap is
#     placed in the first 4GB address space. The Java Heap base address is the
#     maximum limit for the native heap growth. Please use -XX:HeapBaseMinAddress
#     to set the Java Heap base and to place the Java Heap above 4GB virtual address.
# This output file may be truncated or incomplete.
#
#  Out of Memory Error (arena.cpp:150), pid=3508, tid=30628
#
# JRE version: Java(TM) SE Runtime Environment (22.0+36) (build 22+36-2370)
# Java VM: Java HotSpot(TM) 64-Bit Server VM (22+36-2370, mixed mode, sharing, tiered, compressed oops, compressed class ptrs, g1 gc, windows-amd64)
# No core dump will be written. Minidumps are not enabled by default on client versions of Windows
#

---------------  S U M M A R Y ------------

Command Line: -javaagent:D:\IntelliJ IDEA Community Edition 2024.3.5\lib\idea_rt.jar=65275 -Dfile.encoding=UTF-8 -Dsun.stdout.encoding=UTF-8 -Dsun.stderr.encoding=UTF-8 com.HuyHoang.AiMusicWebApplication

Host: 12th Gen Intel(R) Core(TM) i7-12700H, 20 cores, 7G,  Windows 11 , 64 bit Build 26100 (10.0.26100.4768)
Time: Fri Sep 12 20:25:34 2025 SE Asia Standard Time elapsed time: 30.086829 seconds (0d 0h 0m 30s)

---------------  T H R E A D  ---------------

Current thread (0x0000019a74252220):  JavaThread "C2 CompilerThread0" daemon [_thread_in_native, id=30628, stack(0x00000065df100000,0x00000065df200000) (1024K)]


Current CompileTask:
C2:30087 8344       4       java.net.URLStreamHandler::parseURL (1124 bytes)

Stack: [0x00000065df100000,0x00000065df200000]
Native frames: (J=compiled Java code, j=interpreted, Vv=VM code, C=native code)
V  [jvm.dll+0x6e2349]  (no source info available)
V  [jvm.dll+0x874ed3]  (no source info available)
V  [jvm.dll+0x8772fe]  (no source info available)
V  [jvm.dll+0x8779d3]  (no source info available)
V  [jvm.dll+0x27fcb6]  (no source info available)
V  [jvm.dll+0xc3d0f]  (no source info available)
V  [jvm.dll+0xc3f6b]  (no source info available)
V  [jvm.dll+0x2f3b6f]  (no source info available)
V  [jvm.dll+0x60bd8a]  (no source info available)
V  [jvm.dll+0x250d2f]  (no source info available)
V  [jvm.dll+0x248e1e]  (no source info available)
V  [jvm.dll+0x246eb6]  (no source info available)
V  [jvm.dll+0x1c4e90]  (no source info available)
V  [jvm.dll+0x25699e]  (no source info available)
V  [jvm.dll+0x254c5a]  (no source info available)
V  [jvm.dll+0x3f5426]  (no source info available)
V  [jvm.dll+0x81d50b]  (no source info available)
V  [jvm.dll+0x6e09e5]  (no source info available)
C  [ucrtbase.dll+0x37b0]  (no source info available)
C  [KERNEL32.DLL+0x2e8d7]  (no source info available)
C  [ntdll.dll+0x3c34c]  (no source info available)


---------------  P R O C E S S  ---------------

Threads class SMR info:
_java_thread_list=0x0000019a4b939390, length=31, elements={
0x0000019a74241810, 0x0000019a74242270, 0x0000019a74245aa0, 0x0000019a74247b80,
0x0000019a74250a80, 0x0000019a74253660, 0x0000019a74252220, 0x0000019a7425e540,
0x0000019a45281af0, 0x0000019a4562a200, 0x0000019a457001b0, 0x0000019a49c643a0,
0x0000019a49c63680, 0x0000019a49c61c40, 0x0000019a49c62960, 0x0000019a49c63d10,
0x0000019a4ab08980, 0x0000019a4ab096a0, 0x0000019a4ab09d30, 0x0000019a4ab07c60,
0x0000019a4ab06f40, 0x0000019a4ab0a3c0, 0x0000019a4ab0aa50, 0x0000019a4ab075d0,
0x0000019a4ab0b0e0, 0x0000019a4ab0b770, 0x0000019a4ab082f0, 0x0000019a4ab0d1b0,
0x0000019a4ab0d840, 0x0000019a4ab0ded0, 0x0000019a4ab0be00
}

Java Threads: ( => current thread )
  0x0000019a74241810 JavaThread "Reference Handler"          daemon [_thread_blocked, id=9024, stack(0x00000065deb00000,0x00000065dec00000) (1024K)]
  0x0000019a74242270 JavaThread "Finalizer"                  daemon [_thread_blocked, id=32780, stack(0x00000065dec00000,0x00000065ded00000) (1024K)]
  0x0000019a74245aa0 JavaThread "Signal Dispatcher"          daemon [_thread_blocked, id=28592, stack(0x00000065ded00000,0x00000065dee00000) (1024K)]
  0x0000019a74247b80 JavaThread "Attach Listener"            daemon [_thread_blocked, id=32148, stack(0x00000065dee00000,0x00000065def00000) (1024K)]
  0x0000019a74250a80 JavaThread "Service Thread"             daemon [_thread_blocked, id=23204, stack(0x00000065def00000,0x00000065df000000) (1024K)]
  0x0000019a74253660 JavaThread "Monitor Deflation Thread"   daemon [_thread_blocked, id=14888, stack(0x00000065df000000,0x00000065df100000) (1024K)]
=>0x0000019a74252220 JavaThread "C2 CompilerThread0"         daemon [_thread_in_native, id=30628, stack(0x00000065df100000,0x00000065df200000) (1024K)]
  0x0000019a7425e540 JavaThread "C1 CompilerThread0"         daemon [_thread_blocked, id=27396, stack(0x00000065df200000,0x00000065df300000) (1024K)]
  0x0000019a45281af0 JavaThread "Common-Cleaner"             daemon [_thread_blocked, id=25072, stack(0x00000065df300000,0x00000065df400000) (1024K)]
  0x0000019a4562a200 JavaThread "Monitor Ctrl-Break"         daemon [_thread_in_native, id=28332, stack(0x00000065df600000,0x00000065df700000) (1024K)]
  0x0000019a457001b0 JavaThread "Notification Thread"        daemon [_thread_blocked, id=33100, stack(0x00000065df700000,0x00000065df800000) (1024K)]
  0x0000019a49c643a0 JavaThread "mysql-cj-abandoned-connection-cleanup" daemon [_thread_blocked, id=28952, stack(0x00000065e0200000,0x00000065e0300000) (1024K)]
  0x0000019a49c63680 JavaThread "HikariPool-1:housekeeper"   daemon [_thread_blocked, id=11520, stack(0x00000065e0800000,0x00000065e0900000) (1024K)]
  0x0000019a49c61c40 JavaThread "Catalina-utility-1"                [_thread_blocked, id=10924, stack(0x00000065e1200000,0x00000065e1300000) (1024K)]
  0x0000019a49c62960 JavaThread "Catalina-utility-2"                [_thread_blocked, id=28148, stack(0x00000065e1300000,0x00000065e1400000) (1024K)]
  0x0000019a49c63d10 JavaThread "container-0"                       [_thread_blocked, id=31184, stack(0x00000065e1400000,0x00000065e1500000) (1024K)]
  0x0000019a4ab08980 JavaThread "File Watcher"               daemon [_thread_blocked, id=19092, stack(0x00000065e1500000,0x00000065e1600000) (1024K)]
  0x0000019a4ab096a0 JavaThread "Live Reload Server"         daemon [_thread_in_native, id=25480, stack(0x00000065e1700000,0x00000065e1800000) (1024K)]
  0x0000019a4ab09d30 JavaThread "http-nio-8080-exec-1"       daemon [_thread_in_vm, id=25268, stack(0x00000065e1600000,0x00000065e1700000) (1024K)]
  0x0000019a4ab07c60 JavaThread "http-nio-8080-exec-2"       daemon [_thread_blocked, id=26200, stack(0x00000065e1800000,0x00000065e1900000) (1024K)]
  0x0000019a4ab06f40 JavaThread "http-nio-8080-exec-3"       daemon [_thread_blocked, id=16624, stack(0x00000065e1900000,0x00000065e1a00000) (1024K)]
  0x0000019a4ab0a3c0 JavaThread "http-nio-8080-exec-4"       daemon [_thread_blocked, id=28304, stack(0x00000065e1a00000,0x00000065e1b00000) (1024K)]
  0x0000019a4ab0aa50 JavaThread "http-nio-8080-exec-5"       daemon [_thread_blocked, id=10912, stack(0x00000065e1b00000,0x00000065e1c00000) (1024K)]
  0x0000019a4ab075d0 JavaThread "http-nio-8080-exec-6"       daemon [_thread_blocked, id=13380, stack(0x00000065e1c00000,0x00000065e1d00000) (1024K)]
  0x0000019a4ab0b0e0 JavaThread "http-nio-8080-exec-7"       daemon [_thread_blocked, id=23440, stack(0x00000065e1d00000,0x00000065e1e00000) (1024K)]
  0x0000019a4ab0b770 JavaThread "http-nio-8080-exec-8"       daemon [_thread_blocked, id=33420, stack(0x00000065e1e00000,0x00000065e1f00000) (1024K)]
  0x0000019a4ab082f0 JavaThread "http-nio-8080-exec-9"       daemon [_thread_blocked, id=15688, stack(0x00000065e1f00000,0x00000065e2000000) (1024K)]
  0x0000019a4ab0d1b0 JavaThread "http-nio-8080-exec-10"      daemon [_thread_blocked, id=32496, stack(0x00000065e2000000,0x00000065e2100000) (1024K)]
  0x0000019a4ab0d840 JavaThread "http-nio-8080-Poller"       daemon [_thread_in_native, id=6800, stack(0x00000065e2100000,0x00000065e2200000) (1024K)]
  0x0000019a4ab0ded0 JavaThread "http-nio-8080-Acceptor"     daemon [_thread_in_native, id=29848, stack(0x00000065e2200000,0x00000065e2300000) (1024K)]
  0x0000019a4ab0be00 JavaThread "DestroyJavaVM"                     [_thread_blocked, id=17764, stack(0x00000065de300000,0x00000065de400000) (1024K)]
Total: 31

Other Threads:
  0x0000019a74229a50 VMThread "VM Thread"                           [id=7240, stack(0x00000065dea00000,0x00000065deb00000) (1024K)]
  0x0000019a7420a0b0 WatcherThread "VM Periodic Task Thread"        [id=26136, stack(0x00000065de900000,0x00000065dea00000) (1024K)]
  0x0000019a56b1faa0 WorkerThread "GC Thread#0"                     [id=17656, stack(0x00000065de400000,0x00000065de500000) (1024K)]
  0x0000019a45eab0b0 WorkerThread "GC Thread#1"                     [id=20816, stack(0x00000065dfd00000,0x00000065dfe00000) (1024K)]
  0x0000019a45eab460 WorkerThread "GC Thread#2"                     [id=33508, stack(0x00000065dfe00000,0x00000065dff00000) (1024K)]
  0x0000019a45eab810 WorkerThread "GC Thread#3"                     [id=30600, stack(0x00000065dff00000,0x00000065e0000000) (1024K)]
  0x0000019a45eabbc0 WorkerThread "GC Thread#4"                     [id=17956, stack(0x00000065e0000000,0x00000065e0100000) (1024K)]
  0x0000019a45eac790 WorkerThread "GC Thread#5"                     [id=27104, stack(0x00000065e0100000,0x00000065e0200000) (1024K)]
  0x0000019a465a0120 WorkerThread "GC Thread#6"                     [id=27632, stack(0x00000065e0300000,0x00000065e0400000) (1024K)]
  0x0000019a467c0dc0 WorkerThread "GC Thread#7"                     [id=28944, stack(0x00000065e0400000,0x00000065e0500000) (1024K)]
  0x0000019a460f4c00 WorkerThread "GC Thread#8"                     [id=4300, stack(0x00000065e0500000,0x00000065e0600000) (1024K)]
  0x0000019a46512600 WorkerThread "GC Thread#9"                     [id=30520, stack(0x00000065e0600000,0x00000065e0700000) (1024K)]
  0x0000019a465129b0 WorkerThread "GC Thread#10"                    [id=27248, stack(0x00000065e0700000,0x00000065e0800000) (1024K)]
  0x0000019a473bdfd0 WorkerThread "GC Thread#11"                    [id=26536, stack(0x00000065e0900000,0x00000065e0a00000) (1024K)]
  0x0000019a473bdc20 WorkerThread "GC Thread#12"                    [id=26032, stack(0x00000065e0a00000,0x00000065e0b00000) (1024K)]
  0x0000019a473be730 WorkerThread "GC Thread#13"                    [id=32484, stack(0x00000065e0b00000,0x00000065e0c00000) (1024K)]
  0x0000019a473be380 WorkerThread "GC Thread#14"                    [id=14088, stack(0x00000065e0c00000,0x00000065e0d00000) (1024K)]
  0x0000019a56b300a0 ConcurrentGCThread "G1 Main Marker"            [id=3472, stack(0x00000065de500000,0x00000065de600000) (1024K)]
  0x0000019a56b319e0 WorkerThread "G1 Conc#0"                       [id=19340, stack(0x00000065de600000,0x00000065de700000) (1024K)]
  0x0000019a473bd870 WorkerThread "G1 Conc#1"                       [id=26116, stack(0x00000065e0d00000,0x00000065e0e00000) (1024K)]
  0x0000019a473beae0 WorkerThread "G1 Conc#2"                       [id=4692, stack(0x00000065e0e00000,0x00000065e0f00000) (1024K)]
  0x0000019a473bd110 WorkerThread "G1 Conc#3"                       [id=1852, stack(0x00000065e0f00000,0x00000065e1000000) (1024K)]
  0x0000019a740d5a00 ConcurrentGCThread "G1 Refine#0"               [id=27644, stack(0x00000065de700000,0x00000065de800000) (1024K)]
  0x0000019a740d6490 ConcurrentGCThread "G1 Service"                [id=15776, stack(0x00000065de800000,0x00000065de900000) (1024K)]
Total: 24

Threads with active compile tasks:
C2 CompilerThread0  31212 8344       4       java.net.URLStreamHandler::parseURL (1124 bytes)
Total: 1

VM state: not at safepoint (normal execution)

VM Mutex/Monitor currently owned by a thread: None

Heap address: 0x0000000084800000, size: 1976 MB, Compressed Oops mode: 32-bit

CDS archive(s) mapped at: [0x0000019a00000000-0x0000019a00c60000-0x0000019a00c60000), size 12976128, SharedBaseAddress: 0x0000019a00000000, ArchiveRelocationMode: 1.
Compressed class space mapped at: 0x0000019a01000000-0x0000019a41000000, reserved size: 1073741824
Narrow klass base: 0x0000019a00000000, Narrow klass shift: 0, Narrow klass range: 0x41000000

GC Precious Log:
 CardTable entry size: 512
 Card Set container configuration: InlinePtr #cards 5 size 8 Array Of Cards #cards 12 size 40 Howl #buckets 4 coarsen threshold 1843 Howl Bitmap #cards 512 size 80 coarsen threshold 460 Card regions per heap region 1 cards per card region 2048
 CPUs: 20 total, 20 available
 Memory: 7896M
 Large Page Support: Disabled
 NUMA Support: Disabled
 Compressed Oops: Enabled (32-bit)
 Heap Region Size: 1M
 Heap Min Capacity: 8M
 Heap Initial Capacity: 124M
 Heap Max Capacity: 1976M
 Pre-touch: Disabled
 Parallel Workers: 15
 Concurrent Workers: 4
 Concurrent Refinement Workers: 15
 Periodic GC: Disabled

Heap:
 garbage-first heap   total reserved 2023424K, committed 70656K, used 37373K [0x0000000084800000, 0x0000000100000000)
  region size 1024K, 4 young (4096K), 2 survivors (2048K)
 Metaspace       used 78738K, committed 79552K, reserved 1179648K
  class space    used 10877K, committed 11200K, reserved 1048576K

Heap Regions: E=young(eden), S=young(survivor), O=old, HS=humongous(starts), HC=humongous(continues), CS=collection set, F=free, TAMS=top-at-mark-start, PB=parsable bottom
|   0|0x0000000084800000, 0x0000000084900000, 0x0000000084900000|100%|HS|  |TAMS 0x0000000084800000| PB 0x0000000084800000| Complete |  0
|   1|0x0000000084900000, 0x0000000084a00000, 0x0000000084a00000|100%|HS|  |TAMS 0x0000000084900000| PB 0x0000000084900000| Complete |  0
|   2|0x0000000084a00000, 0x0000000084b00000, 0x0000000084b00000|100%| O|  |TAMS 0x0000000084a00000| PB 0x0000000084a00000| Untracked |  0
|   3|0x0000000084b00000, 0x0000000084c00000, 0x0000000084c00000|100%| O|  |TAMS 0x0000000084b00000| PB 0x0000000084b00000| Untracked |  0
|   4|0x0000000084c00000, 0x0000000084d00000, 0x0000000084d00000|100%| O|  |TAMS 0x0000000084c00000| PB 0x0000000084c00000| Untracked |  0
|   5|0x0000000084d00000, 0x0000000084e00000, 0x0000000084e00000|100%| O|  |TAMS 0x0000000084d00000| PB 0x0000000084d00000| Untracked |  0
|   6|0x0000000084e00000, 0x0000000084f00000, 0x0000000084f00000|100%| O|  |TAMS 0x0000000084e00000| PB 0x0000000084e00000| Untracked |  0
|   7|0x0000000084f00000, 0x0000000085000000, 0x0000000085000000|100%| O|  |TAMS 0x0000000084f00000| PB 0x0000000084f00000| Untracked |  0
|   8|0x0000000085000000, 0x0000000085100000, 0x0000000085100000|100%| O|  |TAMS 0x0000000085000000| PB 0x0000000085000000| Untracked |  0
|   9|0x0000000085100000, 0x0000000085200000, 0x0000000085200000|100%| O|  |TAMS 0x0000000085100000| PB 0x0000000085100000| Untracked |  0
|  10|0x0000000085200000, 0x0000000085300000, 0x0000000085300000|100%| O|  |TAMS 0x0000000085200000| PB 0x0000000085200000| Untracked |  0
|  11|0x0000000085300000, 0x0000000085400000, 0x0000000085400000|100%| O|  |TAMS 0x0000000085300000| PB 0x0000000085300000| Untracked |  0
|  12|0x0000000085400000, 0x0000000085500000, 0x0000000085500000|100%| O|  |TAMS 0x0000000085400000| PB 0x0000000085400000| Untracked |  0
|  13|0x0000000085500000, 0x0000000085600000, 0x0000000085600000|100%| O|  |TAMS 0x0000000085500000| PB 0x0000000085500000| Untracked |  0
|  14|0x0000000085600000, 0x0000000085700000, 0x0000000085700000|100%| O|  |TAMS 0x0000000085600000| PB 0x0000000085600000| Untracked |  0
|  15|0x0000000085700000, 0x0000000085800000, 0x0000000085800000|100%| O|  |TAMS 0x0000000085700000| PB 0x0000000085700000| Untracked |  0
|  16|0x0000000085800000, 0x0000000085900000, 0x0000000085900000|100%| O|  |TAMS 0x0000000085800000| PB 0x0000000085800000| Untracked |  0
|  17|0x0000000085900000, 0x0000000085a00000, 0x0000000085a00000|100%| O|  |TAMS 0x0000000085900000| PB 0x0000000085900000| Untracked |  0
|  18|0x0000000085a00000, 0x0000000085b00000, 0x0000000085b00000|100%| O|  |TAMS 0x0000000085a00000| PB 0x0000000085a00000| Untracked |  0
|  19|0x0000000085b00000, 0x0000000085c00000, 0x0000000085c00000|100%| O|  |TAMS 0x0000000085b00000| PB 0x0000000085b00000| Untracked |  0
|  20|0x0000000085c00000, 0x0000000085d00000, 0x0000000085d00000|100%| O|  |TAMS 0x0000000085c00000| PB 0x0000000085c00000| Untracked |  0
|  21|0x0000000085d00000, 0x0000000085e00000, 0x0000000085e00000|100%| O|  |TAMS 0x0000000085d00000| PB 0x0000000085d00000| Untracked |  0
|  22|0x0000000085e00000, 0x0000000085f00000, 0x0000000085f00000|100%| O|Cm|TAMS 0x0000000085e00000| PB 0x0000000085e00000| Complete |  0
|  23|0x0000000085f00000, 0x0000000086000000, 0x0000000086000000|100%| O|  |TAMS 0x0000000085f00000| PB 0x0000000085f00000| Untracked |  0
|  24|0x0000000086000000, 0x0000000086100000, 0x0000000086100000|100%| O|  |TAMS 0x0000000086000000| PB 0x0000000086000000| Untracked |  0
|  25|0x0000000086100000, 0x0000000086200000, 0x0000000086200000|100%| O|  |TAMS 0x0000000086100000| PB 0x0000000086100000| Untracked |  0
|  26|0x0000000086200000, 0x0000000086300000, 0x0000000086300000|100%| O|  |TAMS 0x0000000086200000| PB 0x0000000086200000| Untracked |  0
|  27|0x0000000086300000, 0x0000000086400000, 0x0000000086400000|100%| O|  |TAMS 0x0000000086300000| PB 0x0000000086300000| Untracked |  0
|  28|0x0000000086400000, 0x0000000086500000, 0x0000000086500000|100%| O|  |TAMS 0x0000000086400000| PB 0x0000000086400000| Untracked |  0
|  29|0x0000000086500000, 0x0000000086600000, 0x0000000086600000|100%| O|  |TAMS 0x0000000086500000| PB 0x0000000086500000| Untracked |  0
|  30|0x0000000086600000, 0x0000000086700000, 0x0000000086700000|100%| O|  |TAMS 0x0000000086600000| PB 0x0000000086600000| Untracked |  0
|  31|0x0000000086700000, 0x0000000086700000, 0x0000000086800000|  0%| F|  |TAMS 0x0000000086700000| PB 0x0000000086700000| Untracked |  0
|  32|0x0000000086800000, 0x0000000086800000, 0x0000000086900000|  0%| F|  |TAMS 0x0000000086800000| PB 0x0000000086800000| Untracked |  0
|  33|0x0000000086900000, 0x0000000086900000, 0x0000000086a00000|  0%| F|  |TAMS 0x0000000086900000| PB 0x0000000086900000| Untracked |  0
|  34|0x0000000086a00000, 0x0000000086a83d60, 0x0000000086b00000| 51%| O|  |TAMS 0x0000000086a00000| PB 0x0000000086a00000| Untracked |  0
|  35|0x0000000086b00000, 0x0000000086b00000, 0x0000000086c00000|  0%| F|  |TAMS 0x0000000086b00000| PB 0x0000000086b00000| Untracked |  0
|  36|0x0000000086c00000, 0x0000000086c00000, 0x0000000086d00000|  0%| F|  |TAMS 0x0000000086c00000| PB 0x0000000086c00000| Untracked |  0
|  37|0x0000000086d00000, 0x0000000086d00000, 0x0000000086e00000|  0%| F|  |TAMS 0x0000000086d00000| PB 0x0000000086d00000| Untracked |  0
|  38|0x0000000086e00000, 0x0000000086efb890, 0x0000000086f00000| 98%| S|CS|TAMS 0x0000000086e00000| PB 0x0000000086e00000| Complete |  0
|  39|0x0000000086f00000, 0x0000000087000000, 0x0000000087000000|100%| S|CS|TAMS 0x0000000086f00000| PB 0x0000000086f00000| Complete |  0
|  40|0x0000000087000000, 0x0000000087000000, 0x0000000087100000|  0%| F|  |TAMS 0x0000000087000000| PB 0x0000000087000000| Untracked |  0
|  41|0x0000000087100000, 0x0000000087100000, 0x0000000087200000|  0%| F|  |TAMS 0x0000000087100000| PB 0x0000000087100000| Untracked |  0
|  42|0x0000000087200000, 0x0000000087200000, 0x0000000087300000|  0%| F|  |TAMS 0x0000000087200000| PB 0x0000000087200000| Untracked |  0
|  43|0x0000000087300000, 0x0000000087300000, 0x0000000087400000|  0%| F|  |TAMS 0x0000000087300000| PB 0x0000000087300000| Untracked |  0
|  44|0x0000000087400000, 0x0000000087400000, 0x0000000087500000|  0%| F|  |TAMS 0x0000000087400000| PB 0x0000000087400000| Untracked |  0
|  45|0x0000000087500000, 0x0000000087500000, 0x0000000087600000|  0%| F|  |TAMS 0x0000000087500000| PB 0x0000000087500000| Untracked |  0
|  46|0x0000000087600000, 0x0000000087600000, 0x0000000087700000|  0%| F|  |TAMS 0x0000000087600000| PB 0x0000000087600000| Untracked |  0
|  47|0x0000000087700000, 0x0000000087700000, 0x0000000087800000|  0%| F|  |TAMS 0x0000000087700000| PB 0x0000000087700000| Untracked |  0
|  48|0x0000000087800000, 0x0000000087800000, 0x0000000087900000|  0%| F|  |TAMS 0x0000000087800000| PB 0x0000000087800000| Untracked |  0
|  49|0x0000000087900000, 0x0000000087900000, 0x0000000087a00000|  0%| F|  |TAMS 0x0000000087900000| PB 0x0000000087900000| Untracked |  0
|  50|0x0000000087a00000, 0x0000000087a00000, 0x0000000087b00000|  0%| F|  |TAMS 0x0000000087a00000| PB 0x0000000087a00000| Untracked |  0
|  51|0x0000000087b00000, 0x0000000087b00000, 0x0000000087c00000|  0%| F|  |TAMS 0x0000000087b00000| PB 0x0000000087b00000| Untracked |  0
|  52|0x0000000087c00000, 0x0000000087c00000, 0x0000000087d00000|  0%| F|  |TAMS 0x0000000087c00000| PB 0x0000000087c00000| Untracked |  0
|  53|0x0000000087d00000, 0x0000000087d00000, 0x0000000087e00000|  0%| F|  |TAMS 0x0000000087d00000| PB 0x0000000087d00000| Untracked |  0
|  54|0x0000000087e00000, 0x0000000087e00000, 0x0000000087f00000|  0%| F|  |TAMS 0x0000000087e00000| PB 0x0000000087e00000| Untracked |  0
|  55|0x0000000087f00000, 0x0000000087f00000, 0x0000000088000000|  0%| F|  |TAMS 0x0000000087f00000| PB 0x0000000087f00000| Untracked |  0
|  56|0x0000000088000000, 0x0000000088000000, 0x0000000088100000|  0%| F|  |TAMS 0x0000000088000000| PB 0x0000000088000000| Untracked |  0
|  57|0x0000000088100000, 0x0000000088100000, 0x0000000088200000|  0%| F|  |TAMS 0x0000000088100000| PB 0x0000000088100000| Untracked |  0
|  81|0x0000000089900000, 0x0000000089900000, 0x0000000089a00000|  0%| F|  |TAMS 0x0000000089900000| PB 0x0000000089900000| Untracked |  0
|  82|0x0000000089a00000, 0x0000000089a00000, 0x0000000089b00000|  0%| F|  |TAMS 0x0000000089a00000| PB 0x0000000089a00000| Untracked |  0
|  83|0x0000000089b00000, 0x0000000089b00000, 0x0000000089c00000|  0%| F|  |TAMS 0x0000000089b00000| PB 0x0000000089b00000| Untracked |  0
|  84|0x0000000089c00000, 0x0000000089c00000, 0x0000000089d00000|  0%| F|  |TAMS 0x0000000089c00000| PB 0x0000000089c00000| Untracked |  0
|  85|0x0000000089d00000, 0x0000000089d00000, 0x0000000089e00000|  0%| F|  |TAMS 0x0000000089d00000| PB 0x0000000089d00000| Untracked |  0
|  86|0x0000000089e00000, 0x0000000089e00000, 0x0000000089f00000|  0%| F|  |TAMS 0x0000000089e00000| PB 0x0000000089e00000| Untracked |  0
| 122|0x000000008c200000, 0x000000008c22eec0, 0x000000008c300000| 18%| E|  |TAMS 0x000000008c200000| PB 0x000000008c200000| Complete |  0
| 123|0x000000008c300000, 0x000000008c400000, 0x000000008c400000|100%| E|  |TAMS 0x000000008c300000| PB 0x000000008c300000| Complete |  0
|1973|0x00000000ffd00000, 0x00000000ffe00000, 0x00000000ffe00000|100%| O|  |TAMS 0x00000000ffd00000| PB 0x00000000ffd00000| Untracked |  0
|1974|0x00000000ffe00000, 0x00000000fff00000, 0x00000000fff00000|100%| O|  |TAMS 0x00000000ffe00000| PB 0x00000000ffe00000| Untracked |  0
|1975|0x00000000fff00000, 0x0000000100000000, 0x0000000100000000|100%| O|  |TAMS 0x00000000fff00000| PB 0x00000000fff00000| Untracked |  0

Card table byte_map: [0x0000019a6ec90000,0x0000019a6f070000] _byte_map_base: 0x0000019a6e86c000

Marking Bits: (CMBitMap*) 0x0000019a56b200c0
 Bits: [0x0000019a6f070000, 0x0000019a70f50000)

Polling page: 0x0000019a54710000

Metaspace:

Usage:
  Non-class:     66.27 MB used.
      Class:     10.62 MB used.
       Both:     76.90 MB used.

Virtual space:
  Non-class space:      128.00 MB reserved,      66.75 MB ( 52%) committed,  2 nodes.
      Class space:        1.00 GB reserved,      10.94 MB (  1%) committed,  1 nodes.
             Both:        1.12 GB reserved,      77.69 MB (  7%) committed. 

Chunk freelists:
   Non-Class:  12.91 MB
       Class:  4.89 MB
        Both:  17.80 MB

MaxMetaspaceSize: unlimited
CompressedClassSpaceSize: 1.00 GB
Initial GC threshold: 21.00 MB
Current GC threshold: 122.44 MB
CDS: on
 - commit_granule_bytes: 65536.
 - commit_granule_words: 8192.
 - virtual_space_node_default_size: 8388608.
 - enlarge_chunks_in_place: 1.
 - use_allocation_guard: 0.


Internal statistics:

num_allocs_failed_limit: 13.
num_arena_births: 1096.
num_arena_deaths: 0.
num_vsnodes_births: 3.
num_vsnodes_deaths: 0.
num_space_committed: 1243.
num_space_uncommitted: 0.
num_chunks_returned_to_freelist: 13.
num_chunks_taken_from_freelist: 3883.
num_chunk_merges: 13.
num_chunk_splits: 2761.
num_chunks_enlarged: 2130.
num_inconsistent_stats: 0.

CodeHeap 'non-profiled nmethods': size=119168Kb used=5036Kb max_used=5036Kb free=114132Kb
 bounds [0x0000019a669a0000, 0x0000019a66e90000, 0x0000019a6de00000]
CodeHeap 'profiled nmethods': size=119104Kb used=14306Kb max_used=14662Kb free=104797Kb
 bounds [0x0000019a5ee00000, 0x0000019a5fc60000, 0x0000019a66250000]
CodeHeap 'non-nmethods': size=7488Kb used=1764Kb max_used=3507Kb free=5723Kb
 bounds [0x0000019a66250000, 0x0000019a665d0000, 0x0000019a669a0000]
 total_blobs=8044 nmethods=7267 adapters=681
 compilation: enabled
              stopped_count=0, restarted_count=0
 full_count=0

Compilation events (20 events):
Event: 23.811 Thread 0x0000019a7425e540 8332       3       org.springframework.boot.devtools.filewatch.DirectorySnapshot::collectFiles (99 bytes)
Event: 23.812 Thread 0x0000019a7425e540 nmethod 8332 0x0000019a5efcb690 code [0x0000019a5efcb960, 0x0000019a5efcc6f0]
Event: 23.812 Thread 0x0000019a7425e540 8333       3       java.io.File::listFiles (52 bytes)
Event: 23.813 Thread 0x0000019a7425e540 nmethod 8333 0x0000019a5ee1fa90 code [0x0000019a5ee1fc80, 0x0000019a5ee201c8]
Event: 23.813 Thread 0x0000019a7425e540 8334       3       java.io.File::normalizedList (86 bytes)
Event: 23.814 Thread 0x0000019a7425e540 nmethod 8334 0x0000019a5f629790 code [0x0000019a5f6299a0, 0x0000019a5f62a050]
Event: 23.814 Thread 0x0000019a7425e540 8335   !   3       java.io.WinNTFileSystem::list (27 bytes)
Event: 23.814 Thread 0x0000019a7425e540 nmethod 8335 0x0000019a5eec4210 code [0x0000019a5eec43e0, 0x0000019a5eec4600]
Event: 23.828 Thread 0x0000019a7425e540 8337       3       java.io.File::getName (42 bytes)
Event: 23.829 Thread 0x0000019a7425e540 nmethod 8337 0x0000019a5ee9fd10 code [0x0000019a5ee9ff60, 0x0000019a5eea0770]
Event: 24.259 Thread 0x0000019a74252220 8338       4       java.util.concurrent.locks.AbstractQueuedSynchronizer::release (19 bytes)
Event: 24.261 Thread 0x0000019a74252220 nmethod 8338 0x0000019a66ad8510 code [0x0000019a66ad86c0, 0x0000019a66ad88d0]
Event: 24.857 Thread 0x0000019a74252220 8339       4       org.springframework.boot.devtools.filewatch.FileSnapshot::hashCode (49 bytes)
Event: 24.873 Thread 0x0000019a74252220 nmethod 8339 0x0000019a66e87510 code [0x0000019a66e87700, 0x0000019a66e87fb0]
Event: 25.268 Thread 0x0000019a74252220 8340       4       java.util.HashMap::containsKey (14 bytes)
Event: 25.271 Thread 0x0000019a74252220 nmethod 8340 0x0000019a66e88490 code [0x0000019a66e88640, 0x0000019a66e88940]
Event: 26.306 Thread 0x0000019a74252220 8341       4       java.util.HashSet::contains (9 bytes)
Event: 26.314 Thread 0x0000019a74252220 nmethod 8341 0x0000019a66e88b90 code [0x0000019a66e88d80, 0x0000019a66e89350]
Event: 28.049 Thread 0x0000019a74252220 8344       4       java.net.URLStreamHandler::parseURL (1124 bytes)
Event: 29.864 Thread 0x0000019a7425e540 8345       3       java.util.concurrent.locks.ReentrantLock$NonfairSync::tryAcquire (27 bytes)

GC Heap History (20 events):
Event: 3.955 GC heap before
{Heap before GC invocations=6 (full 0):
 garbage-first heap   total reserved 2023424K, committed 58368K, used 46603K [0x0000000084800000, 0x0000000100000000)
  region size 1024K, 30 young (30720K), 3 survivors (3072K)
 Metaspace       used 33667K, committed 34176K, reserved 1114112K
  class space    used 4415K, committed 4672K, reserved 1048576K
}
Event: 3.960 GC heap after
{Heap after GC invocations=7 (full 0):
 garbage-first heap   total reserved 2023424K, committed 58368K, used 21504K [0x0000000084800000, 0x0000000100000000)
  region size 1024K, 4 young (4096K), 4 survivors (4096K)
 Metaspace       used 33667K, committed 34176K, reserved 1114112K
  class space    used 4415K, committed 4672K, reserved 1048576K
}
Event: 4.334 GC heap before
{Heap before GC invocations=7 (full 0):
 garbage-first heap   total reserved 2023424K, committed 58368K, used 33792K [0x0000000084800000, 0x0000000100000000)
  region size 1024K, 17 young (17408K), 4 survivors (4096K)
 Metaspace       used 35476K, committed 35968K, reserved 1114112K
  class space    used 4656K, committed 4864K, reserved 1048576K
}
Event: 4.338 GC heap after
{Heap after GC invocations=8 (full 0):
 garbage-first heap   total reserved 2023424K, committed 58368K, used 23239K [0x0000000084800000, 0x0000000100000000)
  region size 1024K, 2 young (2048K), 2 survivors (2048K)
 Metaspace       used 35476K, committed 35968K, reserved 1114112K
  class space    used 4656K, committed 4864K, reserved 1048576K
}
Event: 4.991 GC heap before
{Heap before GC invocations=9 (full 0):
 garbage-first heap   total reserved 2023424K, committed 58368K, used 47815K [0x0000000084800000, 0x0000000100000000)
  region size 1024K, 27 young (27648K), 2 survivors (2048K)
 Metaspace       used 42251K, committed 42816K, reserved 1114112K
  class space    used 5735K, committed 5952K, reserved 1048576K
}
Event: 4.994 GC heap after
{Heap after GC invocations=10 (full 0):
 garbage-first heap   total reserved 2023424K, committed 58368K, used 24563K [0x0000000084800000, 0x0000000100000000)
  region size 1024K, 3 young (3072K), 3 survivors (3072K)
 Metaspace       used 42251K, committed 42816K, reserved 1114112K
  class space    used 5735K, committed 5952K, reserved 1048576K
}
Event: 5.988 GC heap before
{Heap before GC invocations=10 (full 0):
 garbage-first heap   total reserved 2023424K, committed 58368K, used 48115K [0x0000000084800000, 0x0000000100000000)
  region size 1024K, 27 young (27648K), 3 survivors (3072K)
 Metaspace       used 52305K, committed 52864K, reserved 1114112K
  class space    used 6989K, committed 7232K, reserved 1048576K
}
Event: 5.991 GC heap after
{Heap after GC invocations=11 (full 0):
 garbage-first heap   total reserved 2023424K, committed 58368K, used 26312K [0x0000000084800000, 0x0000000100000000)
  region size 1024K, 4 young (4096K), 4 survivors (4096K)
 Metaspace       used 52305K, committed 52864K, reserved 1114112K
  class space    used 6989K, committed 7232K, reserved 1048576K
}
Event: 6.362 GC heap before
{Heap before GC invocations=11 (full 0):
 garbage-first heap   total reserved 2023424K, committed 58368K, used 48840K [0x0000000084800000, 0x0000000100000000)
  region size 1024K, 27 young (27648K), 4 survivors (4096K)
 Metaspace       used 58783K, committed 59392K, reserved 1114112K
  class space    used 7869K, committed 8128K, reserved 1048576K
}
Event: 6.367 GC heap after
{Heap after GC invocations=12 (full 0):
 garbage-first heap   total reserved 2023424K, committed 58368K, used 27853K [0x0000000084800000, 0x0000000100000000)
  region size 1024K, 2 young (2048K), 2 survivors (2048K)
 Metaspace       used 58783K, committed 59392K, reserved 1114112K
  class space    used 7869K, committed 8128K, reserved 1048576K
}
Event: 6.447 GC heap before
{Heap before GC invocations=12 (full 0):
 garbage-first heap   total reserved 2023424K, committed 58368K, used 31949K [0x0000000084800000, 0x0000000100000000)
  region size 1024K, 7 young (7168K), 2 survivors (2048K)
 Metaspace       used 59713K, committed 60288K, reserved 1114112K
  class space    used 8069K, committed 8320K, reserved 1048576K
}
Event: 6.452 GC heap after
{Heap after GC invocations=13 (full 0):
 garbage-first heap   total reserved 2023424K, committed 58368K, used 28069K [0x0000000084800000, 0x0000000100000000)
  region size 1024K, 2 young (2048K), 2 survivors (2048K)
 Metaspace       used 59713K, committed 60288K, reserved 1114112K
  class space    used 8069K, committed 8320K, reserved 1048576K
}
Event: 6.937 GC heap before
{Heap before GC invocations=14 (full 0):
 garbage-first heap   total reserved 2023424K, committed 58368K, used 51621K [0x0000000084800000, 0x0000000100000000)
  region size 1024K, 25 young (25600K), 2 survivors (2048K)
 Metaspace       used 64180K, committed 64832K, reserved 1114112K
  class space    used 8804K, committed 9088K, reserved 1048576K
}
Event: 6.940 GC heap after
{Heap after GC invocations=15 (full 0):
 garbage-first heap   total reserved 2023424K, committed 70656K, used 28888K [0x0000000084800000, 0x0000000100000000)
  region size 1024K, 3 young (3072K), 3 survivors (3072K)
 Metaspace       used 64180K, committed 64832K, reserved 1114112K
  class space    used 8804K, committed 9088K, reserved 1048576K
}
Event: 7.654 GC heap before
{Heap before GC invocations=15 (full 0):
 garbage-first heap   total reserved 2023424K, committed 70656K, used 62680K [0x0000000084800000, 0x0000000100000000)
  region size 1024K, 36 young (36864K), 3 survivors (3072K)
 Metaspace       used 69622K, committed 70272K, reserved 1114112K
  class space    used 9550K, committed 9856K, reserved 1048576K
}
Event: 7.659 GC heap after
{Heap after GC invocations=16 (full 0):
 garbage-first heap   total reserved 2023424K, committed 70656K, used 31163K [0x0000000084800000, 0x0000000100000000)
  region size 1024K, 5 young (5120K), 5 survivors (5120K)
 Metaspace       used 69622K, committed 70272K, reserved 1114112K
  class space    used 9550K, committed 9856K, reserved 1048576K
}
Event: 8.146 GC heap before
{Heap before GC invocations=16 (full 0):
 garbage-first heap   total reserved 2023424K, committed 70656K, used 60859K [0x0000000084800000, 0x0000000100000000)
  region size 1024K, 34 young (34816K), 5 survivors (5120K)
 Metaspace       used 71604K, committed 72384K, reserved 1114112K
  class space    used 9810K, committed 10176K, reserved 1048576K
}
Event: 8.150 GC heap after
{Heap after GC invocations=17 (full 0):
 garbage-first heap   total reserved 2023424K, committed 70656K, used 33418K [0x0000000084800000, 0x0000000100000000)
  region size 1024K, 3 young (3072K), 3 survivors (3072K)
 Metaspace       used 71604K, committed 72384K, reserved 1114112K
  class space    used 9810K, committed 10176K, reserved 1048576K
}
Event: 8.651 GC heap before
{Heap before GC invocations=17 (full 0):
 garbage-first heap   total reserved 2023424K, committed 70656K, used 62090K [0x0000000084800000, 0x0000000100000000)
  region size 1024K, 31 young (31744K), 3 survivors (3072K)
 Metaspace       used 74431K, committed 75200K, reserved 1114112K
  class space    used 10233K, committed 10560K, reserved 1048576K
}
Event: 8.655 GC heap after
{Heap after GC invocations=18 (full 0):
 garbage-first heap   total reserved 2023424K, committed 70656K, used 35687K [0x0000000084800000, 0x0000000100000000)
  region size 1024K, 4 young (4096K), 4 survivors (4096K)
 Metaspace       used 74431K, committed 75200K, reserved 1114112K
  class space    used 10233K, committed 10560K, reserved 1048576K
}

Dll operation events (14 events):
Event: 0.009 Loaded shared library C:\Program Files\Java\jdk-22\bin\java.dll
Event: 0.039 Loaded shared library C:\Program Files\Java\jdk-22\bin\jsvml.dll
Event: 0.101 Loaded shared library C:\Program Files\Java\jdk-22\bin\zip.dll
Event: 0.104 Loaded shared library C:\Program Files\Java\jdk-22\bin\instrument.dll
Event: 0.109 Loaded shared library C:\Program Files\Java\jdk-22\bin\net.dll
Event: 0.110 Loaded shared library C:\Program Files\Java\jdk-22\bin\nio.dll
Event: 0.112 Loaded shared library C:\Program Files\Java\jdk-22\bin\zip.dll
Event: 0.243 Loaded shared library C:\Program Files\Java\jdk-22\bin\extnet.dll
Event: 0.268 Loaded shared library C:\Program Files\Java\jdk-22\bin\jimage.dll
Event: 0.511 Loaded shared library C:\Program Files\Java\jdk-22\bin\management.dll
Event: 0.515 Loaded shared library C:\Program Files\Java\jdk-22\bin\management_ext.dll
Event: 0.932 Loaded shared library C:\Program Files\Java\jdk-22\bin\le.dll
Event: 1.938 Loaded shared library C:\Program Files\Java\jdk-22\bin\sunmscapi.dll
Event: 4.696 Loaded shared library C:\Program Files\Java\jdk-22\bin\verify.dll

Deoptimization events (20 events):
Event: 8.857 Thread 0x0000019a45e5f230 Uncommon trap: trap_request=0xffffffde fr.pc=0x0000019a66e43708 relative=0x00000000000046c8
Event: 8.857 Thread 0x0000019a45e5f230 Uncommon trap: reason=class_check action=maybe_recompile pc=0x0000019a66e43708 method=org.springframework.core.ResolvableType.resolveType()Lorg/springframework/core/ResolvableType; @ 44 c2
Event: 8.857 Thread 0x0000019a45e5f230 DEOPT PACKING pc=0x0000019a66e43708 sp=0x00000065dfcfe410
Event: 8.857 Thread 0x0000019a45e5f230 DEOPT UNPACKING pc=0x0000019a662a46a2 sp=0x00000065dfcfe428 mode 2
Event: 8.857 Thread 0x0000019a45e5f230 Uncommon trap: trap_request=0xffffffde fr.pc=0x0000019a66e43708 relative=0x00000000000046c8
Event: 8.857 Thread 0x0000019a45e5f230 Uncommon trap: reason=class_check action=maybe_recompile pc=0x0000019a66e43708 method=org.springframework.core.ResolvableType.resolveType()Lorg/springframework/core/ResolvableType; @ 44 c2
Event: 8.858 Thread 0x0000019a45e5f230 DEOPT PACKING pc=0x0000019a66e43708 sp=0x00000065dfcfe410
Event: 8.858 Thread 0x0000019a45e5f230 DEOPT UNPACKING pc=0x0000019a662a46a2 sp=0x00000065dfcfe428 mode 2
Event: 8.858 Thread 0x0000019a45e5f230 Uncommon trap: trap_request=0xffffffde fr.pc=0x0000019a66e43708 relative=0x00000000000046c8
Event: 8.858 Thread 0x0000019a45e5f230 Uncommon trap: reason=class_check action=maybe_recompile pc=0x0000019a66e43708 method=org.springframework.core.ResolvableType.resolveType()Lorg/springframework/core/ResolvableType; @ 44 c2
Event: 8.858 Thread 0x0000019a45e5f230 DEOPT PACKING pc=0x0000019a66e43708 sp=0x00000065dfcfe470
Event: 8.858 Thread 0x0000019a45e5f230 DEOPT UNPACKING pc=0x0000019a662a46a2 sp=0x00000065dfcfe488 mode 2
Event: 8.861 Thread 0x0000019a45e5f230 Uncommon trap: trap_request=0xffffff66 fr.pc=0x0000019a66e677a0 relative=0x0000000000000fc0
Event: 8.861 Thread 0x0000019a45e5f230 Uncommon trap: reason=speculate_class_check action=maybe_recompile pc=0x0000019a66e677a0 method=org.springframework.transaction.interceptor.AbstractFallbackTransactionAttributeSource.getTransactionAttribute(Ljava/lang/reflect/Method;Ljava/lang/Class;Z)Lor
Event: 8.861 Thread 0x0000019a45e5f230 DEOPT PACKING pc=0x0000019a66e677a0 sp=0x00000065dfcfe0f0
Event: 8.861 Thread 0x0000019a45e5f230 DEOPT UNPACKING pc=0x0000019a662a46a2 sp=0x00000065dfcfe0b8 mode 2
Event: 8.864 Thread 0x0000019a45e5f230 Uncommon trap: trap_request=0xffffffde fr.pc=0x0000019a66b83178 relative=0x00000000000001d8
Event: 8.864 Thread 0x0000019a45e5f230 Uncommon trap: reason=class_check action=maybe_recompile pc=0x0000019a66b83178 method=java.lang.reflect.Array.newInstance(Ljava/lang/Class;I)Ljava/lang/Object; @ 2 c2
Event: 8.864 Thread 0x0000019a45e5f230 DEOPT PACKING pc=0x0000019a66b83178 sp=0x00000065dfcfccd0
Event: 8.864 Thread 0x0000019a45e5f230 DEOPT UNPACKING pc=0x0000019a662a46a2 sp=0x00000065dfcfcc88 mode 2

Classes loaded (20 events):
Event: 27.875 Loading class java/nio/channels/WritePendingException
Event: 27.876 Loading class java/nio/channels/WritePendingException done
Event: 27.979 Loading class java/util/concurrent/Semaphore
Event: 27.981 Loading class java/util/concurrent/Semaphore done
Event: 27.981 Loading class java/util/concurrent/Semaphore$NonfairSync
Event: 27.982 Loading class java/util/concurrent/Semaphore$Sync
Event: 27.982 Loading class java/util/concurrent/Semaphore$Sync done
Event: 27.982 Loading class java/util/concurrent/Semaphore$NonfairSync done
Event: 27.983 Loading class sun/nio/ch/SocketAdaptor
Event: 27.993 Loading class sun/nio/ch/SocketAdaptor done
Event: 27.994 Loading class sun/nio/ch/SocketChannelImpl$DefaultOptionsHolder
Event: 27.995 Loading class sun/nio/ch/SocketChannelImpl$DefaultOptionsHolder done
Event: 28.000 Loading class sun/nio/ch/SelectionKeyImpl
Event: 28.003 Loading class java/nio/channels/spi/AbstractSelectionKey
Event: 28.003 Loading class java/nio/channels/SelectionKey
Event: 28.004 Loading class java/nio/channels/SelectionKey done
Event: 28.004 Loading class java/nio/channels/spi/AbstractSelectionKey done
Event: 28.004 Loading class sun/nio/ch/SelectionKeyImpl done
Event: 28.005 Loading class java/lang/invoke/ConstantBootstraps
Event: 28.008 Loading class java/lang/invoke/ConstantBootstraps done

Classes unloaded (0 events):
No events

Classes redefined (0 events):
No events

Internal exceptions (20 events):
Event: 7.299 Thread 0x0000019a45e5f230 Exception <a 'java/lang/IncompatibleClassChangeError'{0x0000000087e00710}: Found class java.lang.Object, but interface was expected> (0x0000000087e00710) 
thrown [s\open\src\hotspot\share\interpreter\linkResolver.cpp, line 841]
Event: 7.388 Thread 0x0000019a45e5f230 Exception <a 'java/lang/IncompatibleClassChangeError'{0x0000000087ab22f0}: Found class java.lang.Object, but interface was expected> (0x0000000087ab22f0) 
thrown [s\open\src\hotspot\share\interpreter\linkResolver.cpp, line 841]
Event: 7.477 Thread 0x0000019a45e5f230 Exception <a 'java/lang/IncompatibleClassChangeError'{0x000000008758b558}: Found class java.lang.Object, but interface was expected> (0x000000008758b558) 
thrown [s\open\src\hotspot\share\interpreter\linkResolver.cpp, line 841]
Event: 7.477 Thread 0x0000019a45e5f230 Exception <a 'java/lang/IncompatibleClassChangeError'{0x0000000087591078}: Found class java.lang.Object, but interface was expected> (0x0000000087591078) 
thrown [s\open\src\hotspot\share\interpreter\linkResolver.cpp, line 841]
Event: 7.529 Thread 0x0000019a45e5f230 Exception <a 'java/lang/NoSuchMethodError'{0x0000000086f000c0}: 'long java.lang.invoke.DelegatingMethodHandle$Holder.reinvoke_L(java.lang.Object, java.lang.Object)'> (0x0000000086f000c0) 
thrown [s\open\src\hotspot\share\interpreter\linkResolver.cpp, line 774]
Event: 7.529 Thread 0x0000019a45e5f230 Exception <a 'java/lang/NoSuchMethodError'{0x0000000086f0a2d0}: 'void java.lang.invoke.DelegatingMethodHandle$Holder.reinvoke_L(java.lang.Object, java.lang.Object, long)'> (0x0000000086f0a2d0) 
thrown [s\open\src\hotspot\share\interpreter\linkResolver.cpp, line 774]
Event: 7.583 Thread 0x0000019a45e5f230 Exception <a 'java/lang/NoSuchMethodError'{0x0000000086c1e250}: 'long java.lang.invoke.DirectMethodHandle$Holder.invokeVirtual(java.lang.Object, java.lang.Object)'> (0x0000000086c1e250) 
thrown [s\open\src\hotspot\share\interpreter\linkResolver.cpp, line 774]
Event: 7.587 Thread 0x0000019a45e5f230 Exception <a 'java/io/FileNotFoundException'{0x0000000086c46f98}> (0x0000000086c46f98) 
thrown [s\open\src\hotspot\share\prims\jni.cpp, line 520]
Event: 7.619 Thread 0x0000019a45e5f230 Exception <a 'java/lang/NoSuchMethodError'{0x0000000086b610a8}: 'void java.lang.invoke.DirectMethodHandle$Holder.invokeVirtual(java.lang.Object, java.lang.Object, long)'> (0x0000000086b610a8) 
thrown [s\open\src\hotspot\share\interpreter\linkResolver.cpp, line 774]
Event: 7.757 Thread 0x0000019a45e5f230 Exception <a 'java/lang/NoSuchMethodError'{0x000000008819c0f0}: 'int java.lang.invoke.DirectMethodHandle$Holder.invokeStaticInit(java.lang.Object, int, java.lang.Object, java.lang.Object, java.lang.Object, java.lang.Object)'> (0x000000008819c0f0) 
thrown [s\open\src\hotspot\share\interpreter\linkResolver.cpp, line 774]
Event: 7.981 Thread 0x0000019a45e5f230 Exception <a 'java/lang/NoSuchMethodError'{0x00000000876c2f78}: 'java.lang.Object java.lang.invoke.DirectMethodHandle$Holder.newInvokeSpecial(java.lang.Object, java.lang.Object, java.lang.Object, java.lang.Object, java.lang.Object, java.lang.Object, java.lang.Object, java.lang.Object)'> (0x00000000876c2f78) 
thrown [s\open\src\hotspot\share\interpreter\linkResolver.cpp, line 774]
Event: 8.262 Thread 0x0000019a45e5f230 Exception <a 'java/lang/IncompatibleClassChangeError'{0x0000000089b76140}: Found class java.lang.Object, but interface was expected> (0x0000000089b76140) 
thrown [s\open\src\hotspot\share\interpreter\linkResolver.cpp, line 841]
Event: 8.525 Thread 0x0000019a45e5f230 Exception <a 'java/lang/NoSuchMethodError'{0x00000000876d1190}: 'java.lang.Object java.lang.invoke.DirectMethodHandle$Holder.invokeInterface(java.lang.Object, java.lang.Object, java.lang.Object, java.lang.Object)'> (0x00000000876d1190) 
thrown [s\open\src\hotspot\share\interpreter\linkResolver.cpp, line 774]
Event: 8.608 Thread 0x0000019a45e5f230 Exception <a 'java/lang/NoSuchMethodError'{0x000000008718daa0}: 'int java.lang.invoke.DirectMethodHandle$Holder.invokeStaticInit(java.lang.Object, java.lang.Object, java.lang.Object, java.lang.Object)'> (0x000000008718daa0) 
thrown [s\open\src\hotspot\share\interpreter\linkResolver.cpp, line 774]
Event: 8.648 Thread 0x0000019a45e5f230 Exception <a 'java/lang/IncompatibleClassChangeError'{0x0000000086e78908}: Found class java.lang.Object, but interface was expected> (0x0000000086e78908) 
thrown [s\open\src\hotspot\share\interpreter\linkResolver.cpp, line 841]
Event: 8.724 Thread 0x0000019a45e5f230 Exception <a 'java/lang/NoSuchMethodError'{0x000000008c2c1f18}: 'java.lang.Object java.lang.invoke.Invokers$Holder.invoke_MT(java.lang.Object, java.lang.Object, java.lang.Object, java.lang.Object, java.lang.Object, java.lang.Object, java.lang.Object, java.lang.Object, java.lang.Object, java.lang.Object, java.lang.Object)'> (0x000000008c2c1f18) 
thrown [s\open\src\hotspot\share\interpreter\linkResolver.cpp, line 774]
Event: 8.830 Thread 0x0000019a45e5f230 Exception <a 'java/lang/NoSuchMethodError'{0x000000008993a4a8}: 'java.lang.Object java.lang.invoke.DirectMethodHandle$Holder.newInvokeSpecial(java.lang.Object, java.lang.Object, int, java.lang.Object, java.lang.Object)'> (0x000000008993a4a8) 
thrown [s\open\src\hotspot\share\interpreter\linkResolver.cpp, line 774]
Event: 9.042 Thread 0x0000019a45e5f230 Exception <a 'java/lang/NoSuchMethodError'{0x0000000087728a00}: 'void java.lang.invoke.DirectMethodHandle$Holder.invokeSpecialIFC(java.lang.Object, java.lang.Object, int, java.lang.Object, java.lang.Object, java.lang.Object, java.lang.Object)'> (0x0000000087728a00) 
thrown [s\open\src\hotspot\share\interpreter\linkResolver.cpp, line 774]
Event: 27.967 Thread 0x0000019a4ab0ded0 Exception <a 'java/lang/NoSuchMethodError'{0x00000000871821b8}: 'java.lang.Object java.lang.invoke.DirectMethodHandle$Holder.invokeStatic(java.lang.Object, java.lang.Object, java.lang.Object, int, int)'> (0x00000000871821b8) 
thrown [s\open\src\hotspot\share\interpreter\linkResolver.cpp, line 774]
Event: 27.972 Thread 0x0000019a4ab0ded0 Exception <a 'java/lang/NoSuchMethodError'{0x000000008719bf78}: 'java.lang.Object java.lang.invoke.DirectMethodHandle$Holder.invokeStaticInit(java.lang.Object, java.lang.Object, java.lang.Object, int, int)'> (0x000000008719bf78) 
thrown [s\open\src\hotspot\share\interpreter\linkResolver.cpp, line 774]

ZGC Phase Switch (0 events):
No events

VM Operations (20 events):
Event: 8.293 Executing VM operation: HandshakeAllThreads (Deoptimize)
Event: 8.293 Executing VM operation: HandshakeAllThreads (Deoptimize) done
Event: 8.585 Executing VM operation: HandshakeAllThreads (Deoptimize)
Event: 8.585 Executing VM operation: HandshakeAllThreads (Deoptimize) done
Event: 8.651 Executing VM operation: G1CollectForAllocation (G1 Evacuation Pause)
Event: 8.655 Executing VM operation: G1CollectForAllocation (G1 Evacuation Pause) done
Event: 8.677 Executing VM operation: G1PauseRemark
Event: 8.683 Executing VM operation: G1PauseRemark done
Event: 8.690 Executing VM operation: G1PauseCleanup
Event: 8.690 Executing VM operation: G1PauseCleanup done
Event: 8.828 Executing VM operation: HandshakeAllThreads (Deoptimize)
Event: 8.828 Executing VM operation: HandshakeAllThreads (Deoptimize) done
Event: 9.022 Executing VM operation: HandshakeAllThreads (Deoptimize)
Event: 9.022 Executing VM operation: HandshakeAllThreads (Deoptimize) done
Event: 10.034 Executing VM operation: Cleanup
Event: 10.034 Executing VM operation: Cleanup done
Event: 25.173 Executing VM operation: Cleanup
Event: 25.173 Executing VM operation: Cleanup done
Event: 27.191 Executing VM operation: Cleanup
Event: 27.191 Executing VM operation: Cleanup done

Events (20 events):
Event: 8.837 Thread 0x0000019a4ab06f40 Thread added: 0x0000019a4ab06f40
Event: 8.837 Thread 0x0000019a4ab0a3c0 Thread added: 0x0000019a4ab0a3c0
Event: 8.837 Thread 0x0000019a4ab0aa50 Thread added: 0x0000019a4ab0aa50
Event: 8.837 Thread 0x0000019a4ab075d0 Thread added: 0x0000019a4ab075d0
Event: 8.837 Thread 0x0000019a4ab0b0e0 Thread added: 0x0000019a4ab0b0e0
Event: 8.837 Thread 0x0000019a4ab0b770 Thread added: 0x0000019a4ab0b770
Event: 8.837 Thread 0x0000019a4ab082f0 Thread added: 0x0000019a4ab082f0
Event: 8.837 Thread 0x0000019a4ab0d1b0 Thread added: 0x0000019a4ab0d1b0
Event: 8.847 Thread 0x0000019a4ab0d840 Thread added: 0x0000019a4ab0d840
Event: 8.848 Thread 0x0000019a4ab0ded0 Thread added: 0x0000019a4ab0ded0
Event: 9.075 Thread 0x0000019a49dbaa80 Thread exited: 0x0000019a49dbaa80
Event: 9.123 Thread 0x0000019a45e5f230 Thread exited: 0x0000019a45e5f230
Event: 9.126 Thread 0x0000019a45aade50 Thread exited: 0x0000019a45aade50
Event: 9.126 Thread 0x0000019a547601f0 Thread exited: 0x0000019a547601f0
Event: 9.126 Thread 0x0000019a4ab0be00 Thread added: 0x0000019a4ab0be00
Event: 9.416 Thread 0x0000019a49db9610 Thread exited: 0x0000019a49db9610
Event: 11.553 Thread 0x0000019a49c615b0 Thread exited: 0x0000019a49c615b0
Event: 15.590 Thread 0x0000019a45a10b40 Thread exited: 0x0000019a45a10b40
Event: 20.593 Thread 0x0000019a45a0fc70 Thread exited: 0x0000019a45a0fc70
Event: 23.207 Thread 0x0000019a45282220 Thread exited: 0x0000019a45282220


Dynamic libraries:
0x00007ff78de80000 - 0x00007ff78de90000 	C:\Program Files\Java\jdk-22\bin\java.exe
0x00007ff8924a0000 - 0x00007ff892707000 	C:\WINDOWS\SYSTEM32\ntdll.dll
0x00007ff891870000 - 0x00007ff891939000 	C:\WINDOWS\System32\KERNEL32.DLL
0x00007ff88f750000 - 0x00007ff88fb40000 	C:\WINDOWS\System32\KERNELBASE.dll
0x00007ff88fb50000 - 0x00007ff88fc9b000 	C:\WINDOWS\System32\ucrtbase.dll
0x00007ff887280000 - 0x00007ff887297000 	C:\Program Files\Java\jdk-22\bin\jli.dll
0x00007ff83e650000 - 0x00007ff83e66b000 	C:\Program Files\Java\jdk-22\bin\VCRUNTIME140.dll
0x00007ff891300000 - 0x00007ff8913b4000 	C:\WINDOWS\System32\ADVAPI32.dll
0x00007ff8908a0000 - 0x00007ff890949000 	C:\WINDOWS\System32\msvcrt.dll
0x00007ff890950000 - 0x00007ff8909f6000 	C:\WINDOWS\System32\sechost.dll
0x00007ff890780000 - 0x00007ff890898000 	C:\WINDOWS\System32\RPCRT4.dll
0x00007ff892110000 - 0x00007ff8922d5000 	C:\WINDOWS\System32\USER32.dll
0x00007ff8766c0000 - 0x00007ff87695a000 	C:\WINDOWS\WinSxS\amd64_microsoft.windows.common-controls_6595b64144ccf1df_6.0.26100.4768_none_3e0c112ce331287c\COMCTL32.dll
0x00007ff88fca0000 - 0x00007ff88fcc7000 	C:\WINDOWS\System32\win32u.dll
0x00007ff890a50000 - 0x00007ff890a7b000 	C:\WINDOWS\System32\GDI32.dll
0x00007ff890030000 - 0x00007ff890168000 	C:\WINDOWS\System32\gdi32full.dll
0x00007ff88fcd0000 - 0x00007ff88fd73000 	C:\WINDOWS\System32\msvcp_win.dll
0x00007ff888250000 - 0x00007ff88825b000 	C:\WINDOWS\SYSTEM32\VERSION.dll
0x00007ff8905d0000 - 0x00007ff8905ff000 	C:\WINDOWS\System32\IMM32.DLL
0x00007ff889980000 - 0x00007ff88998c000 	C:\Program Files\Java\jdk-22\bin\vcruntime140_1.dll
0x00007ff82c300000 - 0x00007ff82c38e000 	C:\Program Files\Java\jdk-22\bin\msvcp140.dll
0x00007fffa6800000 - 0x00007fffa7548000 	C:\Program Files\Java\jdk-22\bin\server\jvm.dll
0x00007ff8922e0000 - 0x00007ff892354000 	C:\WINDOWS\System32\WS2_32.dll
0x00007ff88e190000 - 0x00007ff88e1ee000 	C:\WINDOWS\SYSTEM32\POWRPROF.dll
0x00007ff882100000 - 0x00007ff882135000 	C:\WINDOWS\SYSTEM32\WINMM.dll
0x00007ff88e170000 - 0x00007ff88e184000 	C:\WINDOWS\SYSTEM32\UMPDC.dll
0x00007ff88e470000 - 0x00007ff88e48b000 	C:\WINDOWS\SYSTEM32\kernel.appcore.dll
0x00007ff887120000 - 0x00007ff88712a000 	C:\Program Files\Java\jdk-22\bin\jimage.dll
0x00007ff88cce0000 - 0x00007ff88cf21000 	C:\WINDOWS\SYSTEM32\DBGHELP.DLL
0x00007ff890c90000 - 0x00007ff891015000 	C:\WINDOWS\System32\combase.dll
0x00007ff8904e0000 - 0x00007ff8905c0000 	C:\WINDOWS\System32\OLEAUT32.dll
0x00007ff873220000 - 0x00007ff873263000 	C:\WINDOWS\SYSTEM32\dbgcore.DLL
0x00007ff88ff90000 - 0x00007ff890029000 	C:\WINDOWS\System32\bcryptPrimitives.dll
0x00007ff835950000 - 0x00007ff83595f000 	C:\Program Files\Java\jdk-22\bin\instrument.dll
0x00007ff834ff0000 - 0x00007ff83500e000 	C:\Program Files\Java\jdk-22\bin\java.dll
0x00007ff8919c0000 - 0x00007ff89210d000 	C:\WINDOWS\System32\SHELL32.dll
0x00007ff88fe10000 - 0x00007ff88ff83000 	C:\WINDOWS\System32\wintypes.dll
0x00007ff890ae0000 - 0x00007ff890c80000 	C:\WINDOWS\System32\ole32.dll
0x00007ff88d1c0000 - 0x00007ff88da20000 	C:\WINDOWS\SYSTEM32\windows.storage.dll
0x00007ff890230000 - 0x00007ff890325000 	C:\WINDOWS\System32\SHCORE.dll
0x00007ff890460000 - 0x00007ff8904ca000 	C:\WINDOWS\System32\shlwapi.dll
0x00007ff88f4f0000 - 0x00007ff88f519000 	C:\WINDOWS\SYSTEM32\profapi.dll
0x00007fffc6fa0000 - 0x00007fffc7077000 	C:\Program Files\Java\jdk-22\bin\jsvml.dll
0x00007ff82c290000 - 0x00007ff82c2a7000 	C:\Program Files\Java\jdk-22\bin\zip.dll
0x00007ff82de70000 - 0x00007ff82de80000 	C:\Program Files\Java\jdk-22\bin\net.dll
0x00007ff88ea00000 - 0x00007ff88ea6b000 	C:\WINDOWS\system32\mswsock.dll
0x00007ff82c2e0000 - 0x00007ff82c2f6000 	C:\Program Files\Java\jdk-22\bin\nio.dll
0x00007ff82c2d0000 - 0x00007ff82c2d9000 	C:\Program Files\Java\jdk-22\bin\extnet.dll
0x00007ff82c270000 - 0x00007ff82c27a000 	C:\Program Files\Java\jdk-22\bin\management.dll
0x00007ff82c260000 - 0x00007ff82c26b000 	C:\Program Files\Java\jdk-22\bin\management_ext.dll
0x00007ff890a40000 - 0x00007ff890a48000 	C:\WINDOWS\System32\PSAPI.DLL
0x00007ff82c250000 - 0x00007ff82c25b000 	C:\Program Files\Java\jdk-22\bin\le.dll
0x00007ff82c280000 - 0x00007ff82c28e000 	C:\Program Files\Java\jdk-22\bin\sunmscapi.dll
0x00007ff88f5d0000 - 0x00007ff88f747000 	C:\WINDOWS\System32\CRYPT32.dll
0x00007ff88eee0000 - 0x00007ff88ef10000 	C:\WINDOWS\SYSTEM32\ncrypt.dll
0x00007ff88ee90000 - 0x00007ff88eecf000 	C:\WINDOWS\SYSTEM32\NTASN1.dll
0x00007ff88ecc0000 - 0x00007ff88ecdb000 	C:\WINDOWS\SYSTEM32\CRYPTSP.dll
0x00007ff88e3d0000 - 0x00007ff88e40b000 	C:\WINDOWS\system32\rsaenh.dll
0x00007ff88eaa0000 - 0x00007ff88eacb000 	C:\WINDOWS\SYSTEM32\USERENV.dll
0x00007ff88f4c0000 - 0x00007ff88f4e6000 	C:\WINDOWS\SYSTEM32\bcrypt.dll
0x00007ff88ece0000 - 0x00007ff88ecec000 	C:\WINDOWS\SYSTEM32\CRYPTBASE.dll
0x00007ff88dda0000 - 0x00007ff88ddd3000 	C:\WINDOWS\SYSTEM32\IPHLPAPI.DLL
0x00007ff8904d0000 - 0x00007ff8904da000 	C:\WINDOWS\System32\NSI.dll
0x00007ff82c240000 - 0x00007ff82c250000 	C:\Program Files\Java\jdk-22\bin\verify.dll
0x00007ff88de90000 - 0x00007ff88dfb6000 	C:\WINDOWS\SYSTEM32\DNSAPI.dll
0x00007ff87d4d0000 - 0x00007ff87d4db000 	C:\Windows\System32\rasadhlp.dll
0x00007ff886ab0000 - 0x00007ff886b36000 	C:\WINDOWS\System32\fwpuclnt.dll
0x00007ff84ff30000 - 0x00007ff84ff38000 	C:\WINDOWS\system32\wshunix.dll

dbghelp: loaded successfully - version: 4.0.5 - missing functions: none
symbol engine: initialized successfully - sym options: 0x614 - pdb path: .;C:\Program Files\Java\jdk-22\bin;C:\WINDOWS\SYSTEM32;C:\WINDOWS\WinSxS\amd64_microsoft.windows.common-controls_6595b64144ccf1df_6.0.26100.4768_none_3e0c112ce331287c;C:\Program Files\Java\jdk-22\bin\server

VM Arguments:
jvm_args: -javaagent:D:\IntelliJ IDEA Community Edition 2024.3.5\lib\idea_rt.jar=65275 -Dfile.encoding=UTF-8 -Dsun.stdout.encoding=UTF-8 -Dsun.stderr.encoding=UTF-8 
java_command: com.HuyHoang.AiMusicWebApplication
java_class_path (initial): D:\SpringBootProject-porfolio\AI-Music-Web\target\classes;C:\Users\My PC\.m2\repository\org\springframework\boot\spring-boot-starter-data-jpa\3.5.4\spring-boot-starter-data-jpa-3.5.4.jar;C:\Users\My PC\.m2\repository\org\springframework\boot\spring-boot-starter\3.5.4\spring-boot-starter-3.5.4.jar;C:\Users\My PC\.m2\repository\org\springframework\boot\spring-boot-starter-logging\3.5.4\spring-boot-starter-logging-3.5.4.jar;C:\Users\My PC\.m2\repository\ch\qos\logback\logback-classic\1.5.18\logback-classic-1.5.18.jar;C:\Users\My PC\.m2\repository\ch\qos\logback\logback-core\1.5.18\logback-core-1.5.18.jar;C:\Users\My PC\.m2\repository\org\apache\logging\log4j\log4j-to-slf4j\2.24.3\log4j-to-slf4j-2.24.3.jar;C:\Users\My PC\.m2\repository\org\apache\logging\log4j\log4j-api\2.24.3\log4j-api-2.24.3.jar;C:\Users\My PC\.m2\repository\org\slf4j\jul-to-slf4j\2.0.17\jul-to-slf4j-2.0.17.jar;C:\Users\My PC\.m2\repository\jakarta\annotation\jakarta.annotation-api\2.1.1\jakarta.annotation-api-2.1.1.jar;C:\Users\My PC\.m2\repository\org\yaml\snakeyaml\2.4\snakeyaml-2.4.jar;C:\Users\My PC\.m2\repository\org\springframework\boot\spring-boot-starter-jdbc\3.5.4\spring-boot-starter-jdbc-3.5.4.jar;C:\Users\My PC\.m2\repository\com\zaxxer\HikariCP\6.3.1\HikariCP-6.3.1.jar;C:\Users\My PC\.m2\repository\org\springframework\spring-jdbc\6.2.9\spring-jdbc-6.2.9.jar;C:\Users\My PC\.m2\repository\org\hibernate\orm\hibernate-core\6.6.22.Final\hibernate-core-6.6.22.Final.jar;C:\Users\My PC\.m2\repository\jakarta\persistence\jakarta.persistence-api\3.1.0\jakarta.persistence-api-3.1.0.jar;C:\Users\My PC\.m2\repository\jakarta\transaction\jakarta.transaction-api\2.0.1\jakarta.transaction-api-2.0.1.jar;C:\Users\My PC\.m2\repository\org\jboss\logging\jboss-logging\3.6.1.Final\jboss-logging-3.6.1.Final.jar;C:\Users\My PC\.m2\repository\org\hibernate\common\hibernate-commons-annotations\7.0.3.Final\hibernate-commons-annotations-7.0.3.Final.jar;C:\Users\My PC\.m2\repository\io\smallrye\jandex\3.2.0\jandex-3.2.0.jar;C:\Users\My PC\.m2\repository\com\fasterxml\classmate\1.7.0\classmate-1.7.0.jar;C:\Users\My PC\.m2\repository\net\bytebuddy\byte-buddy\1.17.6\byte-buddy-1.17.6.jar;C:\Users\My PC\.m2\repository\org\glassfish\jaxb\jaxb-runtime\4.0.5\jaxb-runtime-4.0.5.jar;C:\Users\My PC\.m2\repository\org\glassfish\jaxb\jaxb-core\4.0.5\jaxb-core-4.0.5.jar;C:\Users\My PC\.m2\repository\org\eclipse\angus\angus-activation\2.0.2\angus-activation-2.0.2.jar;C:\Users\My PC\.m2\repository\org\glassfish\jaxb\txw2\4.0.5\txw2-4.0.5.jar;C:\Users\My PC\.m2\repository\com\sun\istack\istack-commons-runtime\4.1.2\istack-commons-runtime-4.1.2.jar;C:\Users\My PC\.m2\repository\jakarta\inject\jakarta.inject-api\2.0.1\jakarta.inject-api-2.0.1.jar;C:\Users\My PC\.m2\repository\org\antlr\antlr4-runtime\4.13.0\antlr4-runtime-4.13.0.jar;C:\Users\My PC\.m2\repository\org\springframework\data\spring-data-jpa\3.5.2\spring-data-jpa-3.5.2.jar;C:\Users\My PC\.m2\repository\org\springframework\data\spring-data-commons\3.5.2\spring-data-commons-3.5.2.jar;C:\Users\My PC\.m2\repository\org\springframework\spring-orm\6.2.9\spring-orm-6.2.9.jar;C:\Users\My PC\.m2\repository\org\springframework\spring-context\6.2.9\spring-context-6.2.9.jar;C:\Users\My PC\.m2\repository\org\springframework\spring-tx\6.2.9\spring-tx-6.2.9.jar;C:\Users\My PC\.m2\repository\org\springframework\spring-beans\6.2.9\spring-beans-6.2.9.jar;C:\Users\My PC\.m2\repository\org\slf4j\slf4j-api\2.0.17\slf4j-api-2.0.17.jar;C:\Users\My PC\.m2\repository\org\springframework\spring-aspects\6.2.9\spring-aspects-6.2.9.jar;C:\Users\My PC\.m2\repository\org\aspectj\aspectjweaver\1.9.24\aspectjweaver-1.9.24.jar;C:\Users\My PC\.m2\repository\org\springframework\boot\spring-boot-starter-security\3.5.4\spring-boot-starter-security-3.5.4.jar;C:\Users\My PC\.m2\repository\org\springframework\spring-aop\6.2.9\spring-aop-6.2.9.jar;C:\Users\My PC\.m2\repository\org\springframework\security\spring-security-config\6.5.2\spring-security-config-6.5.2.jar;C:\Users\My PC\.m2\repository\org\springframework\security\spring-security-web\6.5.2\spring-security-web-6.5.2.jar;C:\Users\My PC\.m2\repository\org\springframework\spring-expression\6.2.9\spring-expression-6.2.9.jar;C:\Users\My PC\.m2\repository\org\springframework\boot\spring-boot-starter-oauth2-resource-server\3.5.4\spring-boot-starter-oauth2-resource-server-3.5.4.jar;C:\Users\My PC\.m2\repository\org\springframework\security\spring-security-core\6.5.2\spring-security-core-6.5.2.jar;C:\Users\My PC\.m2\repository\io\micrometer\micrometer-observation\1.15.2\micrometer-observation-1.15.2.jar;C:\Users\My PC\.m2\repository\io\micrometer\micrometer-commons\1.15.2\micrometer-commons-1.15.2.jar;C:\Users\My PC\.m2\repository\org\springframework\security\spring-security-oauth2-resource-server\6.5.2\spring-security-oauth2-resource-server-6.5.2.jar;C:\Users\My PC\.m2\repository\org\springframework\security\spring-security-oauth2-core\6.5.2\spring-security-oauth2-core-6.5.2.jar;C:\Users\My PC\.m2\repository\org\springframework\security\spring-security-oauth2-jose\6.5.2\spring-security-oauth2-jose-6.5.2.jar;C:\Users\My PC\.m2\repository\org\springframework\boot\spring-boot-starter-web\3.5.4\spring-boot-starter-web-3.5.4.jar;C:\Users\My PC\.m2\repository\org\springframework\boot\spring-boot-starter-json\3.5.4\spring-boot-starter-json-3.5.4.jar;C:\Users\My PC\.m2\repository\com\fasterxml\jackson\core\jackson-databind\2.19.2\jackson-databind-2.19.2.jar;C:\Users\My PC\.m2\repository\com\fasterxml\jackson\core\jackson-annotations\2.19.2\jackson-annotations-2.19.2.jar;C:\Users\My PC\.m2\repository\com\fasterxml\jackson\core\jackson-core\2.19.2\jackson-core-2.19.2.jar;C:\Users\My PC\.m2\repository\com\fasterxml\jackson\datatype\jackson-datatype-jdk8\2.19.2\jackson-datatype-jdk8-2.19.2.jar;C:\Users\My PC\.m2\repository\com\fasterxml\jackson\datatype\jackson-datatype-jsr310\2.19.2\jackson-datatype-jsr310-2.19.2.jar;C:\Users\My PC\.m2\repository\com\fasterxml\jackson\module\jackson-module-parameter-names\2.19.2\jackson-module-parameter-names-2.19.2.jar;C:\Users\My PC\.m2\repository\org\springframework\boot\spring-boot-starter-tomcat\3.5.4\spring-boot-starter-tomcat-3.5.4.jar;C:\Users\My PC\.m2\repository\org\apache\tomcat\embed\tomcat-embed-core\10.1.43\tomcat-embed-core-10.1.43.jar;C:\Users\My PC\.m2\repository\org\apache\tomcat\embed\tomcat-embed-websocket\10.1.43\tomcat-embed-websocket-10.1.43.jar;C:\Users\My PC\.m2\repository\org\springframework\spring-web\6.2.9\spring-web-6.2.9.jar;C:\Users\My PC\.m2\repository\org\springframework\spring-webmvc\6.2.9\spring-webmvc-6.2.9.jar;C:\Users\My PC\.m2\repository\org\springframework\boot\spring-boot-starter-validation\3.5.4\spring-boot-starter-validation-3.5.4.jar;C:\Users\My PC\.m2\repository\org\apache\tomcat\embed\tomcat-embed-el\10.1.43\tomcat-embed-el-10.1.43.jar;C:\Users\My PC\.m2\repository\org\hibernate\validator\hibernate-validator\8.0.2.Final\hibernate-validator-8.0.2.Final.jar;C:\Users\My PC\.m2\repository\jakarta\validation\jakarta.validation-api\3.0.2\jakarta.validation-api-3.0.2.jar;C:\Users\My PC\.m2\repository\org\springframework\security\spring-security-crypto\6.5.2\spring-security-crypto-6.5.2.jar;C:\Users\My PC\.m2\repository\org\springframework\boot\spring-boot-devtools\3.5.4\spring-boot-devtools-3.5.4.jar;C:\Users\My PC\.m2\repository\org\springframework\boot\spring-boot\3.5.4\spring-boot-3.5.4.jar;C:\Users\My PC\.m2\repository\org\springframework\boot\spring-boot-autoconfigure\3.5.4\spring-boot-autoconfigure-3.5.4.jar;C:\Users\My PC\.m2\repository\com\mysql\mysql-connector-j\9.3.0\mysql-connector-j-9.3.0.jar;C:\Users\My PC\.m2\repository\org\projectlombok\lombok\1.18.38\lombok-1.18.38.jar;C:\Users\My PC\.m2\repository\org\mapstruct\mapstruct\1.5.5.Final\mapstruct-1.5.5.Final.jar;C:\Users\My PC\.m2\repository\com\nimbusds\nimbus-jose-jwt\9.30.1\nimbus-jose-jwt-9.30.1.jar;C:\Users\My PC\.m2\repository\com\github\stephenc\jcip\jcip-annotations\1.0-1\jcip-annotations-1.0-1.jar;C:\Users\My PC\.m2\repository\jakarta\xml\bind\jakarta.xml.bind-api\4.0.2\jakarta.xml.bind-api-4.0.2.jar;C:\Users\My PC\.m2\repository\jakarta\activation\jakarta.activation-api\2.1.3\jakarta.activation-api-2.1.3.jar;C:\Users\My PC\.m2\repository\org\springframework\spring-core\6.2.9\spring-core-6.2.9.jar;C:\Users\My PC\.m2\repository\org\springframework\spring-jcl\6.2.9\spring-jcl-6.2.9.jar
Launcher Type: SUN_STANDARD

[Global flags]
     intx CICompilerCount                          = 12                                        {product} {ergonomic}
     uint ConcGCThreads                            = 4                                         {product} {ergonomic}
     uint G1ConcRefinementThreads                  = 15                                        {product} {ergonomic}
   size_t G1HeapRegionSize                         = 1048576                                   {product} {ergonomic}
   size_t InitialHeapSize                          = 130023424                                 {product} {ergonomic}
   size_t MarkStackSize                            = 4194304                                   {product} {ergonomic}
   size_t MaxHeapSize                              = 2071986176                                {product} {ergonomic}
   size_t MaxNewSize                               = 1242562560                                {product} {ergonomic}
   size_t MinHeapDeltaBytes                        = 1048576                                   {product} {ergonomic}
   size_t MinHeapSize                              = 8388608                                   {product} {ergonomic}
    uintx NonNMethodCodeHeapSize                   = 7602480                                {pd product} {ergonomic}
    uintx NonProfiledCodeHeapSize                  = 122027880                              {pd product} {ergonomic}
    uintx ProfiledCodeHeapSize                     = 122027880                              {pd product} {ergonomic}
    uintx ReservedCodeCacheSize                    = 251658240                              {pd product} {ergonomic}
     bool SegmentedCodeCache                       = true                                      {product} {ergonomic}
   size_t SoftMaxHeapSize                          = 2071986176                             {manageable} {ergonomic}
     bool UseCompressedOops                        = true                           {product lp64_product} {ergonomic}
     bool UseG1GC                                  = true                                      {product} {ergonomic}
     bool UseLargePagesIndividualAllocation        = false                                  {pd product} {ergonomic}

Logging:
Log output configuration:
 #0: stdout all=warning uptime,level,tags foldmultilines=false
 #1: stderr all=off uptime,level,tags foldmultilines=false

Environment Variables:
JAVA_HOME=C:\Program Files\Java\jre1.8.0_51
PATH=C:\ProgramData\Oracle\Java\javapath;C:\Program Files\Java\jdk-22\bin;C:\Program Files\Common Files\Oracle\Java\javapath;C:\Program Files (x86)\Common Files\Oracle\Java\javapath;C:\Windows\system32;C:\Windows;C:\Windows\System32\Wbem;C:\Windows\System32\WindowsPowerShell\v1.0\;C:\Windows\System32\OpenSSH\;C:\Program Files (x86)\NVIDIA Corporation\PhysX\Common;C:\Program Files\NVIDIA Corporation\NVIDIA NvDLISR;C:\Program Files\Docker\Docker\resources\bin;C:\Program Files\Java\jre1.8.0_51\bin;C:\Program Files\Java\jre1.8.0_51;C:\Program Files (x86)\Microsoft SQL Server\160\Tools\Binn\;C:\Program Files\Microsoft SQL Server\160\Tools\Binn\;C:\Program Files\Microsoft SQL Server\Client SDK\ODBC\170\Tools\Binn\;C:\Program Files\Microsoft SQL Server\160\DTS\Binn\;C:\Program Files\Microsoft SQL Server\Client SDK\ODBC\130\Tools\Binn\;C:\Program Files (x86)\Microsoft SQL Server\140\Tools\Binn\;C:\Program Files\Microsoft SQL Server\140\Tools\Binn\;C:\Program Files\Microsoft SQL Server\140\DTS\Binn\;C:\Program Files (x86)\Microsoft SQL Server\Client SDK\ODBC\130\Tools\Binn\;C:\Program Files (x86)\Microsoft SQL Server\140\DTS\Binn\;C:\Program Files (x86)\Microsoft SQL Server\140\Tools\Binn\ManagementStudio\;C:\Program Files\Microsoft SQL Server\150\Tools\Binn\;C:\Program Files\dotnet\;C:\Program Files (x86)\Microsoft SQL Server\160\DTS\Binn\;C:\Program Files\Azure Data Studio\bin;C:\WINDOWS\system32;C:\WINDOWS;C:\WINDOWS\System32\Wbem;C:\WINDOWS\System32\WindowsPowerShell\v1.0\;C:\WINDOWS\System32\OpenSSH\;C:\ProgramData\chocolatey\bin;C:\composer;D:\Git\cmd;D:\Nodejs\;C:\Users\My PC\AppData\Local\Programs\Python\Python312\Scripts\;C:\Users\My PC\AppData\Local\Programs\Python\Python312\;C:\Users\My PC\AppData\Local\Programs\Python\Python313\Scripts\;C:\Users\My PC\AppData\Local\Programs\Python\Python313\;C:\Users\My PC\AppData\Local\Programs\Python\Launcher\;C:\Program Files\Java\jdk-22\bin;C:\Users\My PC\AppData\Local\Microsoft\WindowsApps;C:\Users\My PC\AppData\Local\Programs\Microsoft VS Code\bin;C:\Users\My PC\.dotnet\tools;C:\Program Files\Azure Data Studio\bin;C:\xampp\php;C:\Users\My PC\AppData\Roaming\Composer\vendor\bin;C:\Users\My PC\AppData\Roaming\npm
USERNAME=My PC
OS=Windows_NT
PROCESSOR_IDENTIFIER=Intel64 Family 6 Model 154 Stepping 3, GenuineIntel
TMP=C:\Users\MYPC~1\AppData\Local\Temp
TEMP=C:\Users\MYPC~1\AppData\Local\Temp




Periodic native trim disabled

---------------  S Y S T E M  ---------------

OS:
 Windows 11 , 64 bit Build 26100 (10.0.26100.4768)
OS uptime: 0 days 21:50 hours
Hyper-V role detected

CPU: total 20 (initial active 20) (10 cores per cpu, 2 threads per core) family 6 model 154 stepping 3 microcode 0x420, cx8, cmov, fxsr, ht, mmx, 3dnowpref, sse, sse2, sse3, ssse3, sse4.1, sse4.2, popcnt, lzcnt, tsc, tscinvbit, avx, avx2, aes, erms, clmul, bmi1, bmi2, adx, sha, fma, vzeroupper, clflush, clflushopt, clwb, hv, serialize, rdtscp, rdpid, fsrm, f16c, cet_ibt, cet_ss
Processor Information for processor 0
  Max Mhz: 2700, Current Mhz: 2700, Mhz Limit: 2700
Processor Information for processor 1
  Max Mhz: 2700, Current Mhz: 2700, Mhz Limit: 2700
Processor Information for processor 2
  Max Mhz: 2700, Current Mhz: 2700, Mhz Limit: 2700
Processor Information for processor 3
  Max Mhz: 2700, Current Mhz: 2700, Mhz Limit: 2700
Processor Information for processor 4
  Max Mhz: 2700, Current Mhz: 2700, Mhz Limit: 2700
Processor Information for processor 5
  Max Mhz: 2700, Current Mhz: 2700, Mhz Limit: 2700
Processor Information for processor 6
  Max Mhz: 2700, Current Mhz: 2700, Mhz Limit: 2700
Processor Information for processor 7
  Max Mhz: 2700, Current Mhz: 2700, Mhz Limit: 2700
Processor Information for processor 8
  Max Mhz: 2700, Current Mhz: 2700, Mhz Limit: 2700
Processor Information for processor 9
  Max Mhz: 2700, Current Mhz: 2700, Mhz Limit: 2700
Processor Information for processor 10
  Max Mhz: 2700, Current Mhz: 2700, Mhz Limit: 2700
Processor Information for processor 11
  Max Mhz: 2700, Current Mhz: 2700, Mhz Limit: 2700
Processor Information for processor 12
  Max Mhz: 2700, Current Mhz: 1995, Mhz Limit: 1971
Processor Information for processor 13
  Max Mhz: 2700, Current Mhz: 1995, Mhz Limit: 1971
Processor Information for processor 14
  Max Mhz: 2700, Current Mhz: 1995, Mhz Limit: 1971
Processor Information for processor 15
  Max Mhz: 2700, Current Mhz: 1526, Mhz Limit: 1971
Processor Information for processor 16
  Max Mhz: 2700, Current Mhz: 1995, Mhz Limit: 1971
Processor Information for processor 17
  Max Mhz: 2700, Current Mhz: 1995, Mhz Limit: 1971
Processor Information for processor 18
  Max Mhz: 2700, Current Mhz: 1526, Mhz Limit: 1971
Processor Information for processor 19
  Max Mhz: 2700, Current Mhz: 1995, Mhz Limit: 1971

Memory: 4k page, system-wide physical 7896M (681M free)
TotalPageFile size 32472M (AvailPageFile size 34M)
current process WorkingSet (physical memory assigned to process): 150M, peak: 312M
current process commit charge ("private bytes"): 330M, peak: 362M

vm_info: Java HotSpot(TM) 64-Bit Server VM (22+36-2370) for windows-amd64 JRE (22+36-2370), built on 2024-02-15T22:15:19Z by "mach5one" with MS VC++ 17.6 (VS2022)

END.
